Start testing: Mar 04 14:36 IST
----------------------------------------------------------
1/1 Testing: main-test
1/1 Test: main-test
Command: "/home/ashar/boost-test/build/main"
Directory: /home/ashar/boost-test/build
"main-test" start time: Mar 04 14:36 IST
Output:
----------------------------------------------------------
********************************************************************************
Execution without Expression template executed for 1159 miliseconds (1.159 s) 
********************************************************************************
********************************************************************************
Execution with Expression template executed for 177 miliseconds (0.177 s) 
********************************************************************************
<end of output>
Test time =   1.45 sec
----------------------------------------------------------
Test Passed.
"main-test" end time: Mar 04 14:36 IST
"main-test" time elapsed: 00:00:01
----------------------------------------------------------

End testing: Mar 04 14:36 IST
