Start testing: Mar 15 22:15 IST
----------------------------------------------------------
1/1 Testing: main-test
1/1 Test: main-test
Command: "/home/ashar/boost-test/build/main"
Directory: /home/ashar/boost-test/build
"main-test" start time: Mar 15 22:15 IST
Output:
----------------------------------------------------------
********************************************************************************
Execution without Expression template executed for 1352 miliseconds (1.352 s) 
********************************************************************************
********************************************************************************
Execution with Expression template executed for 129 miliseconds (0.129 s) 
********************************************************************************
<end of output>
Test time =   1.62 sec
----------------------------------------------------------
Test Passed.
"main-test" end time: Mar 15 22:15 IST
"main-test" time elapsed: 00:00:01
----------------------------------------------------------

End testing: Mar 15 22:15 IST
