Start testing: Mar 16 23:54 IST
----------------------------------------------------------
1/1 Testing: main-test
1/1 Test: main-test
Command: "/home/ashar/boost-test/build/main"
Directory: /home/ashar/boost-test/build
"main-test" start time: Mar 16 23:54 IST
Output:
----------------------------------------------------------
********************************************************************************
Execution without Expression template executed for 2171 miliseconds (2.171 s) 
********************************************************************************
********************************************************************************
Execution using YAP Matrix executed for 3567 miliseconds (3.567 s) 
********************************************************************************
<end of output>
Test time =   6.06 sec
----------------------------------------------------------
Test Passed.
"main-test" end time: Mar 16 23:54 IST
"main-test" time elapsed: 00:00:06
----------------------------------------------------------

End testing: Mar 16 23:54 IST
